<?xml version="1.0" encoding="UTF-8"?>
<!-- Generated by org.testng.reporters.JUnitReportReporter -->
<testsuite hostname="VINU" name="com.appium.facebook.appiumtest.AppTest" tests="1" failures="0" timestamp="23 Oct 2015 05:29:15 GMT" time="1.172" errors="0">
  <testcase name="LongPressTest" time="1.172" classname="com.appium.facebook.appiumtest.AppTest"/>
</testsuite> <!-- com.appium.facebook.appiumtest.AppTest -->
