<?xml version="1.0" encoding="UTF-8"?>
<!-- Generated by org.testng.reporters.JUnitReportReporter -->
<testsuite hostname="VINU" name="com.appium.facebook.appiumtest.Facebook" tests="1" failures="0" timestamp="23 Oct 2015 06:53:43 GMT" time="23.366" errors="0">
  <testcase name="LoginTest" time="23.366" classname="com.appium.facebook.appiumtest.Facebook"/>
</testsuite> <!-- com.appium.facebook.appiumtest.Facebook -->
