<?xml version="1.0" encoding="UTF-8"?>
<!-- Generated by org.testng.reporters.JUnitReportReporter -->
<testsuite hostname="VINU" name="com.appium.facebook.appiumtest.AppTest" tests="1" failures="0" timestamp="22 Oct 2015 03:45:59 GMT" time="1.140" errors="0">
  <testcase name="LongPressTest" time="1.140" classname="com.appium.facebook.appiumtest.AppTest"/>
</testsuite>
